IQ-TREE multicore version 1.7-beta12 for Mac OS X 64-bit built May  6 2019
Developed by Bui Quang Minh, Nguyen Lam Tung, Olga Chernomor,
Heiko Schmidt, Dominik Schrempf, Michael Woodhams.

Host:    friprobob.local (AVX2, FMA3, 16 GB RAM)
Command: iqtree -t concat.treefile --gcf loci.treefile -s ../res/iqtree/permissive/permissive.nex -m GTR+G --scf 100 --prefix concord
Seed:    372287 (Using SPRNG - Scalable Parallel Random Number Generator)
Time:    Fri Apr 17 11:15:41 2020
Kernel:  AVX+FMA - 1 threads (12 CPU cores detected)

HINT: Use -nt option to specify number of threads because your CPU has 12 cores!
HINT: -nt AUTO will automatically determine the best number of threads to use.

Reading alignment file ../res/iqtree/permissive/permissive.nex ... Nexus format detected
Skipping unknown block (sets)...
Alignment has 41 sequences with 309072 columns, 109885 distinct patterns
91741 parsimony-informative, 62433 singleton sites, 154898 constant sites
        Gap/Ambiguity  Composition  p-value
   1  A_call    3.31%    failed      0.00%
   2  AkaNud    3.98%    passed     96.28%
   3  ArtSko    3.44%    passed     94.77%
   4  A_test    3.29%    failed      0.00%
   5  BatMar    6.97%    passed     44.74%
   6  BovDia    2.19%    passed     32.86%
   7  BovVar    2.06%    passed     35.95%
   8  ChaAce    6.16%    passed     59.53%
   9  ChaWil    1.00%    passed     53.07%
  10  ChiDew    2.92%    passed     59.29%
  11  CotGob    3.94%    failed      0.00%
  12  CryAnt    1.16%    passed     60.30%
  13  DisMaw    0.15%    passed     73.30%
  14  DolLon    3.47%    passed     84.60%
  15  EleMac    2.44%    failed      0.00%
  16  G_acul    4.57%    failed      0.00%
  17  GobGib    2.97%    passed      6.55%
  18  GymAcu    3.33%    passed     70.13%
  19  HarAnt    2.21%    passed     75.29%
  20  HarKer    6.18%    passed     85.30%
  21  H_come   16.47%    failed      0.00%
  22  HisVel    1.21%    passed     83.29%
  23  LepLar    7.55%    passed     16.26%
  24  LepNud    0.77%    passed     71.42%
  25  LepSqu    4.59%    passed     29.33%
  26  M_arma    3.07%    failed      0.00%
  27  NotRos    1.76%    passed     89.66%
  28  O_lati    6.81%    failed      3.22%
  29  PagMac    1.17%    passed     77.24%
  30  PatGun    4.34%    passed     93.76%
  31  P_fluv    2.76%    failed      0.00%
  32  PleAnt    8.15%    failed      3.90%
  33  P_magn   17.85%    failed      0.00%
  34  PseGeo    1.89%    passed     68.18%
  35  S_nigr    5.86%    failed      0.00%
  36  TreBer    1.28%    passed     50.11%
  37  TreHan    2.78%    passed     43.07%
  38  TreLoe    0.48%    passed     56.68%
  39  TreSco    4.83%    passed     93.39%
  40  T_rubr    7.52%    failed      0.00%
  41  VomInf    2.46%    passed     86.06%
****  TOTAL     4.13%  13 sequences failed composition chi2 test (p-value<5%; df=3)
Reading tree concat.treefile ...
un-rooted tree with 41 taxa and 79 branches
Reading tree(s) file loci.treefile ...
200 tree(s) loaded (0 rooted and 200 unrooted)
Trees have different number of taxa
Computing gene concordance factor...
0.036 sec
Computing site concordance factor...
7.642 sec
Tree with concordance factors written to concord.cf.tree
Tree with branch IDs written to concord.cf.branch
Concordance factors per branch printed to concord.cf.stat
Date and Time: Fri Apr 17 11:15:52 2020
